0 info it worked if it ends with ok
1 verbose cli [ '/usr/bin/nodejs', '/usr/bin/npm', 'i', '-D', 'child_process' ]
2 info using npm@2.15.0
3 info using node@v4.4.2
4 verbose install initial load of /home/geo/Work/RoR/gbotin.github.io/package.json
5 warn package.json gbotin.github.io@0.0.0 No README data
6 verbose installManyTop reading scoped package data from /home/geo/Work/RoR/gbotin.github.io/node_modules/babel-preset-es2015/package.json
7 verbose installManyTop reading scoped package data from /home/geo/Work/RoR/gbotin.github.io/node_modules/babelify/package.json
8 verbose installManyTop reading scoped package data from /home/geo/Work/RoR/gbotin.github.io/node_modules/browserify/package.json
9 verbose installManyTop reading scoped package data from /home/geo/Work/RoR/gbotin.github.io/node_modules/coffeeify/package.json
10 verbose installManyTop reading scoped package data from /home/geo/Work/RoR/gbotin.github.io/node_modules/del/package.json
11 verbose installManyTop reading scoped package data from /home/geo/Work/RoR/gbotin.github.io/node_modules/event-stream/package.json
12 verbose installManyTop reading scoped package data from /home/geo/Work/RoR/gbotin.github.io/node_modules/express/package.json
13 verbose installManyTop reading scoped package data from /home/geo/Work/RoR/gbotin.github.io/node_modules/glob/package.json
14 verbose installManyTop reading scoped package data from /home/geo/Work/RoR/gbotin.github.io/node_modules/gulp/package.json
15 verbose installManyTop reading scoped package data from /home/geo/Work/RoR/gbotin.github.io/node_modules/gulp-autoprefixer/package.json
16 verbose installManyTop reading scoped package data from /home/geo/Work/RoR/gbotin.github.io/node_modules/gulp-coffee/package.json
17 verbose installManyTop reading scoped package data from /home/geo/Work/RoR/gbotin.github.io/node_modules/gulp-coffeelint/package.json
18 verbose installManyTop reading scoped package data from /home/geo/Work/RoR/gbotin.github.io/node_modules/gulp-concat/package.json
19 verbose installManyTop reading scoped package data from /home/geo/Work/RoR/gbotin.github.io/node_modules/gulp-cssmin/package.json
20 verbose installManyTop reading scoped package data from /home/geo/Work/RoR/gbotin.github.io/node_modules/gulp-exec/package.json
21 verbose installManyTop reading scoped package data from /home/geo/Work/RoR/gbotin.github.io/node_modules/gulp-foreach/package.json
22 verbose installManyTop reading scoped package data from /home/geo/Work/RoR/gbotin.github.io/node_modules/gulp-haml/package.json
23 verbose installManyTop reading scoped package data from /home/geo/Work/RoR/gbotin.github.io/node_modules/gulp-htmlmin/package.json
24 verbose installManyTop reading scoped package data from /home/geo/Work/RoR/gbotin.github.io/node_modules/gulp-if/package.json
25 verbose installManyTop reading scoped package data from /home/geo/Work/RoR/gbotin.github.io/node_modules/gulp-imagemin/package.json
26 verbose installManyTop reading scoped package data from /home/geo/Work/RoR/gbotin.github.io/node_modules/gulp-jshint/package.json
27 verbose installManyTop reading scoped package data from /home/geo/Work/RoR/gbotin.github.io/node_modules/gulp-less/package.json
28 verbose installManyTop reading scoped package data from /home/geo/Work/RoR/gbotin.github.io/node_modules/gulp-lesshint/package.json
29 verbose installManyTop reading scoped package data from /home/geo/Work/RoR/gbotin.github.io/node_modules/gulp-livereload/package.json
30 verbose installManyTop reading scoped package data from /home/geo/Work/RoR/gbotin.github.io/node_modules/gulp-plumber/package.json
31 verbose installManyTop reading scoped package data from /home/geo/Work/RoR/gbotin.github.io/node_modules/gulp-rename/package.json
32 verbose installManyTop reading scoped package data from /home/geo/Work/RoR/gbotin.github.io/node_modules/gulp-sass/package.json
33 verbose installManyTop reading scoped package data from /home/geo/Work/RoR/gbotin.github.io/node_modules/gulp-sass-lint/package.json
34 verbose installManyTop reading scoped package data from /home/geo/Work/RoR/gbotin.github.io/node_modules/gulp-scss-lint/package.json
35 verbose installManyTop reading scoped package data from /home/geo/Work/RoR/gbotin.github.io/node_modules/gulp-sequence/package.json
36 verbose installManyTop reading scoped package data from /home/geo/Work/RoR/gbotin.github.io/node_modules/gulp-sourcemaps/package.json
37 verbose installManyTop reading scoped package data from /home/geo/Work/RoR/gbotin.github.io/node_modules/gulp-uglify/package.json
38 verbose installManyTop reading scoped package data from /home/geo/Work/RoR/gbotin.github.io/node_modules/gulp-util/package.json
39 verbose installManyTop reading scoped package data from /home/geo/Work/RoR/gbotin.github.io/node_modules/gulp-watch/package.json
40 verbose installManyTop reading scoped package data from /home/geo/Work/RoR/gbotin.github.io/node_modules/jshint/package.json
41 verbose installManyTop reading scoped package data from /home/geo/Work/RoR/gbotin.github.io/node_modules/jshint-stylish/package.json
42 verbose installManyTop reading scoped package data from /home/geo/Work/RoR/gbotin.github.io/node_modules/lazypipe/package.json
43 verbose installManyTop reading scoped package data from /home/geo/Work/RoR/gbotin.github.io/node_modules/main-bower-files/package.json
44 verbose installManyTop reading scoped package data from /home/geo/Work/RoR/gbotin.github.io/node_modules/path/package.json
45 verbose installManyTop reading scoped package data from /home/geo/Work/RoR/gbotin.github.io/node_modules/through2/package.json
46 verbose installManyTop reading scoped package data from /home/geo/Work/RoR/gbotin.github.io/node_modules/vinyl-buffer/package.json
47 verbose installManyTop reading scoped package data from /home/geo/Work/RoR/gbotin.github.io/node_modules/vinyl-source-stream/package.json
48 verbose installManyTop reading scoped package data from /home/geo/Work/RoR/gbotin.github.io/node_modules/vinyl-transform/package.json
49 verbose installManyTop reading scoped package data from /home/geo/Work/RoR/gbotin.github.io/node_modules/watchify/package.json
50 info package.json gulp-rename@1.2.2 No license field.
51 info package.json gulp-sequence@0.4.5 No license field.
52 info package.json path@0.11.14 path is also the name of a node core module.
53 verbose readDependencies loading dependencies from /home/geo/Work/RoR/gbotin.github.io/package.json
54 silly cache add args [ 'child_process', null ]
55 verbose cache add spec child_process
56 silly cache add parsed spec Result {
56 silly cache add   raw: 'child_process',
56 silly cache add   scope: null,
56 silly cache add   name: 'child_process',
56 silly cache add   rawSpec: '',
56 silly cache add   spec: 'latest',
56 silly cache add   type: 'tag' }
57 silly addNamed child_process@latest
58 verbose addNamed "latest" is being treated as a dist-tag for child_process
59 info addNameTag [ 'child_process', 'latest' ]
60 silly mapToRegistry name child_process
61 silly mapToRegistry using default registry
62 silly mapToRegistry registry https://registry.npmjs.org/
63 silly mapToRegistry data Result {
63 silly mapToRegistry   raw: 'child_process',
63 silly mapToRegistry   scope: null,
63 silly mapToRegistry   name: 'child_process',
63 silly mapToRegistry   rawSpec: '',
63 silly mapToRegistry   spec: 'latest',
63 silly mapToRegistry   type: 'tag' }
64 silly mapToRegistry uri https://registry.npmjs.org/child_process
65 verbose addNameTag registry:https://registry.npmjs.org/child_process not in flight; fetching
66 verbose request uri https://registry.npmjs.org/child_process
67 verbose request no auth needed
68 info attempt registry request try #1 at 11:59:52 AM
69 verbose request id 8948229d956b62b3
70 http request GET https://registry.npmjs.org/child_process
71 http 404 https://registry.npmjs.org/child_process
72 verbose headers { 'content-type': 'application/json',
72 verbose headers   'cache-control': 'max-age=0',
72 verbose headers   'content-length': '2',
72 verbose headers   'accept-ranges': 'bytes',
72 verbose headers   date: 'Mon, 11 Apr 2016 09:59:53 GMT',
72 verbose headers   via: '1.1 varnish',
72 verbose headers   age: '0',
72 verbose headers   connection: 'keep-alive',
72 verbose headers   'x-served-by': 'cache-ams4120-AMS',
72 verbose headers   'x-cache': 'MISS',
72 verbose headers   'x-cache-hits': '0',
72 verbose headers   'x-timer': 'S1460368793.013220,VS0,VE421',
72 verbose headers   vary: 'Accept-Encoding' }
73 silly get cb [ 404,
73 silly get   { 'content-type': 'application/json',
73 silly get     'cache-control': 'max-age=0',
73 silly get     'content-length': '2',
73 silly get     'accept-ranges': 'bytes',
73 silly get     date: 'Mon, 11 Apr 2016 09:59:53 GMT',
73 silly get     via: '1.1 varnish',
73 silly get     age: '0',
73 silly get     connection: 'keep-alive',
73 silly get     'x-served-by': 'cache-ams4120-AMS',
73 silly get     'x-cache': 'MISS',
73 silly get     'x-cache-hits': '0',
73 silly get     'x-timer': 'S1460368793.013220,VS0,VE421',
73 silly get     vary: 'Accept-Encoding' } ]
74 verbose stack Error: Registry returned 404 for GET on https://registry.npmjs.org/child_process
74 verbose stack     at makeError (/usr/lib/node_modules/npm/node_modules/npm-registry-client/lib/request.js:264:12)
74 verbose stack     at CachingRegistryClient.<anonymous> (/usr/lib/node_modules/npm/node_modules/npm-registry-client/lib/request.js:242:14)
74 verbose stack     at Request._callback (/usr/lib/node_modules/npm/node_modules/npm-registry-client/lib/request.js:172:14)
74 verbose stack     at Request.self.callback (/usr/lib/node_modules/npm/node_modules/request/request.js:199:22)
74 verbose stack     at emitTwo (events.js:87:13)
74 verbose stack     at Request.emit (events.js:172:7)
74 verbose stack     at Request.<anonymous> (/usr/lib/node_modules/npm/node_modules/request/request.js:1036:10)
74 verbose stack     at emitOne (events.js:82:20)
74 verbose stack     at Request.emit (events.js:169:7)
74 verbose stack     at IncomingMessage.<anonymous> (/usr/lib/node_modules/npm/node_modules/request/request.js:963:12)
75 verbose statusCode 404
76 verbose pkgid child_process
77 verbose cwd /home/geo/Work/RoR/gbotin.github.io
78 error Linux 3.19.0-58-generic
79 error argv "/usr/bin/nodejs" "/usr/bin/npm" "i" "-D" "child_process"
80 error node v4.4.2
81 error npm  v2.15.0
82 error code E404
83 error 404 Registry returned 404 for GET on https://registry.npmjs.org/child_process
83 error 404
83 error 404 'child_process' is not in the npm registry.
83 error 404 Your package name is not valid, because
83 error 404
83 error 404  1. child_process is a core module name
83 error 404 It was specified as a dependency of 'gbotin.github.io'
83 error 404
83 error 404 Note that you can also install from a
83 error 404 tarball, folder, http url, or git url.
84 verbose exit [ 1, true ]
